 
 -------------- celery@192.168.2.11 v5.6.2 (recovery)
--- ***** ----- 
-- ******* ---- macOS-26.4-arm64-arm-64bit-Mach-O 2026-03-24 23:03:53
- *** --- * --- 
- ** ---------- [config]
- ** ---------- .> app:         math_solver:0x10d92da90
- ** ---------- .> transport:   redis://default:**@redis-11020.c295.ap-southeast-1-1.ec2.cloud.redislabs.com:11020/0
- ** ---------- .> results:     redis://default:**@redis-11020.c295.ap-southeast-1-1.ec2.cloud.redislabs.com:11020/0
- *** --- * --- .> concurrency: 10 (prefork)
-- ******* ---- .> task events: OFF (enable -E to monitor tasks in this worker)
--- ***** ----- 
 -------------- [queues]
                .> celery           exchange=celery(direct) key=celery
                

[tasks]
  . worker.tasks.render_geometry_video

[2026-03-24 23:03:54,593: INFO/MainProcess] Connected to redis://default:**@redis-11020.c295.ap-southeast-1-1.ec2.cloud.redislabs.com:11020/0
[2026-03-24 23:03:54,787: INFO/MainProcess] mingle: searching for neighbors
[2026-03-24 23:03:56,465: INFO/MainProcess] mingle: all alone
[2026-03-24 23:03:57,749: INFO/MainProcess] celery@192.168.2.11 ready.
[2026-03-24 23:05:04,100: INFO/MainProcess] Task worker.tasks.render_geometry_video[378da386-86e3-4d1c-893f-1c609a1e1151] received
[2026-03-24 23:05:04,855: INFO/ForkPoolWorker-8] HTTP Request: POST https://wpcautuodrozjdrfrtnr.supabase.co/storage/v1/object/video/a596e0e8-74b8-4381-a77f-7d27052719f3.mp4 "HTTP/2 400 Bad Request"
[2026-03-24 23:05:05,121: ERROR/ForkPoolWorker-8] Task worker.tasks.render_geometry_video[378da386-86e3-4d1c-893f-1c609a1e1151] raised unexpected: StorageException("{'statusCode': 403, 'error': Unauthorized, 'message': new row violates row-level security policy}")
Traceback (most recent call last):
  File "/Library/Frameworks/Python.framework/Versions/3.13/lib/python3.13/site-packages/celery/app/trace.py", line 479, in trace_task
    R = retval = fun(*args, **kwargs)
                 ~~~^^^^^^^^^^^^^^^^^
  File "/Library/Frameworks/Python.framework/Versions/3.13/lib/python3.13/site-packages/celery/app/trace.py", line 779, in __protected_call__
    return self.run(*args, **kwargs)
           ~~~~~~~~^^^^^^^^^^^^^^^^^
  File "/Volumes/WorkSpace/Project/MathSolver/backend/worker/tasks.py", line 22, in render_geometry_video
    supabase.storage.from_(bucket_name).upload(
    ~~~~~~~~~~~~~~~~~~~~~~~~~~~~~~~~~~~~~~~~~~^
        path=file_name,
        ^^^^^^^^^^^^^^^
        file=video_content,
        ^^^^^^^^^^^^^^^^^^^
        file_options={"content-type": "video/mp4"}
        ^^^^^^^^^^^^^^^^^^^^^^^^^^^^^^^^^^^^^^^^^^
    )
    ^
  File "/Library/Frameworks/Python.framework/Versions/3.13/lib/python3.13/site-packages/storage3/_sync/file_api.py", line 592, in upload
    return self._upload_or_update("POST", path_parts, file, file_options)
           ~~~~~~~~~~~~~~~~~~~~~~^^^^^^^^^^^^^^^^^^^^^^^^^^^^^^^^^^^^^^^^
  File "/Library/Frameworks/Python.framework/Versions/3.13/lib/python3.13/site-packages/storage3/_sync/file_api.py", line 564, in _upload_or_update
    response = self._request(
        method, ["object", self.id, *path], files=files, headers=headers, data=_data
    )
  File "/Library/Frameworks/Python.framework/Versions/3.13/lib/python3.13/site-packages/storage3/_sync/file_api.py", line 84, in _request
    raise StorageApiError(
        resp["message"], resp["error"], resp["statusCode"]
    ) from exc
storage3.utils.StorageException: {'statusCode': 403, 'error': Unauthorized, 'message': new row violates row-level security policy}
[2026-03-24 23:05:45,289: INFO/MainProcess] Task worker.tasks.render_geometry_video[24f73e83-9afe-4705-a681-d18eea6273e3] received
[2026-03-24 23:05:45,919: INFO/ForkPoolWorker-8] HTTP Request: POST https://wpcautuodrozjdrfrtnr.supabase.co/storage/v1/object/video/00e94359-0088-4c1d-9ceb-effb2723fa12.mp4 "HTTP/2 400 Bad Request"
[2026-03-24 23:05:45,999: ERROR/ForkPoolWorker-8] Task worker.tasks.render_geometry_video[24f73e83-9afe-4705-a681-d18eea6273e3] raised unexpected: StorageException("{'statusCode': 403, 'error': Unauthorized, 'message': new row violates row-level security policy}")
Traceback (most recent call last):
  File "/Library/Frameworks/Python.framework/Versions/3.13/lib/python3.13/site-packages/celery/app/trace.py", line 479, in trace_task
    R = retval = fun(*args, **kwargs)
                 ~~~^^^^^^^^^^^^^^^^^
  File "/Library/Frameworks/Python.framework/Versions/3.13/lib/python3.13/site-packages/celery/app/trace.py", line 779, in __protected_call__
    return self.run(*args, **kwargs)
           ~~~~~~~~^^^^^^^^^^^^^^^^^
  File "/Volumes/WorkSpace/Project/MathSolver/backend/worker/tasks.py", line 22, in render_geometry_video
    supabase.storage.from_(bucket_name).upload(
    ~~~~~~~~~~~~~~~~~~~~~~~~~~~~~~~~~~~~~~~~~~^
        path=file_name,
        ^^^^^^^^^^^^^^^
        file=video_content,
        ^^^^^^^^^^^^^^^^^^^
        file_options={"content-type": "video/mp4"}
        ^^^^^^^^^^^^^^^^^^^^^^^^^^^^^^^^^^^^^^^^^^
    )
    ^
  File "/Library/Frameworks/Python.framework/Versions/3.13/lib/python3.13/site-packages/storage3/_sync/file_api.py", line 592, in upload
    return self._upload_or_update("POST", path_parts, file, file_options)
           ~~~~~~~~~~~~~~~~~~~~~~^^^^^^^^^^^^^^^^^^^^^^^^^^^^^^^^^^^^^^^^
  File "/Library/Frameworks/Python.framework/Versions/3.13/lib/python3.13/site-packages/storage3/_sync/file_api.py", line 564, in _upload_or_update
    response = self._request(
        method, ["object", self.id, *path], files=files, headers=headers, data=_data
    )
  File "/Library/Frameworks/Python.framework/Versions/3.13/lib/python3.13/site-packages/storage3/_sync/file_api.py", line 84, in _request
    raise StorageApiError(
        resp["message"], resp["error"], resp["statusCode"]
    ) from exc
storage3.utils.StorageException: {'statusCode': 403, 'error': Unauthorized, 'message': new row violates row-level security policy}
[2026-03-24 23:07:16,743: INFO/MainProcess] Task worker.tasks.render_geometry_video[1d128901-26e9-4764-aa9c-d27b00f539fb] received
[2026-03-24 23:07:17,468: INFO/ForkPoolWorker-8] HTTP Request: POST https://wpcautuodrozjdrfrtnr.supabase.co/storage/v1/object/video/90b0154a-84c4-4d60-9fdd-92def3c5779e.mp4 "HTTP/2 400 Bad Request"
[2026-03-24 23:07:17,565: ERROR/ForkPoolWorker-8] Task worker.tasks.render_geometry_video[1d128901-26e9-4764-aa9c-d27b00f539fb] raised unexpected: StorageException("{'statusCode': 403, 'error': Unauthorized, 'message': new row violates row-level security policy}")
Traceback (most recent call last):
  File "/Library/Frameworks/Python.framework/Versions/3.13/lib/python3.13/site-packages/celery/app/trace.py", line 479, in trace_task
    R = retval = fun(*args, **kwargs)
                 ~~~^^^^^^^^^^^^^^^^^
  File "/Library/Frameworks/Python.framework/Versions/3.13/lib/python3.13/site-packages/celery/app/trace.py", line 779, in __protected_call__
    return self.run(*args, **kwargs)
           ~~~~~~~~^^^^^^^^^^^^^^^^^
  File "/Volumes/WorkSpace/Project/MathSolver/backend/worker/tasks.py", line 22, in render_geometry_video
    supabase.storage.from_(bucket_name).upload(
    ~~~~~~~~~~~~~~~~~~~~~~~~~~~~~~~~~~~~~~~~~~^
        path=file_name,
        ^^^^^^^^^^^^^^^
        file=video_content,
        ^^^^^^^^^^^^^^^^^^^
        file_options={"content-type": "video/mp4"}
        ^^^^^^^^^^^^^^^^^^^^^^^^^^^^^^^^^^^^^^^^^^
    )
    ^
  File "/Library/Frameworks/Python.framework/Versions/3.13/lib/python3.13/site-packages/storage3/_sync/file_api.py", line 592, in upload
    return self._upload_or_update("POST", path_parts, file, file_options)
           ~~~~~~~~~~~~~~~~~~~~~~^^^^^^^^^^^^^^^^^^^^^^^^^^^^^^^^^^^^^^^^
  File "/Library/Frameworks/Python.framework/Versions/3.13/lib/python3.13/site-packages/storage3/_sync/file_api.py", line 564, in _upload_or_update
    response = self._request(
        method, ["object", self.id, *path], files=files, headers=headers, data=_data
    )
  File "/Library/Frameworks/Python.framework/Versions/3.13/lib/python3.13/site-packages/storage3/_sync/file_api.py", line 84, in _request
    raise StorageApiError(
        resp["message"], resp["error"], resp["statusCode"]
    ) from exc
storage3.utils.StorageException: {'statusCode': 403, 'error': Unauthorized, 'message': new row violates row-level security policy}
[2026-03-24 23:10:36,322: INFO/MainProcess] Task worker.tasks.render_geometry_video[15870ccc-d861-4125-9b1a-51f7dc610d19] received
[2026-03-24 23:10:37,048: INFO/ForkPoolWorker-8] HTTP Request: POST https://wpcautuodrozjdrfrtnr.supabase.co/storage/v1/object/video/4ceb8284-f2f0-4928-bc75-06674c519a92.mp4 "HTTP/2 400 Bad Request"
[2026-03-24 23:10:37,129: ERROR/ForkPoolWorker-8] Task worker.tasks.render_geometry_video[15870ccc-d861-4125-9b1a-51f7dc610d19] raised unexpected: StorageException("{'statusCode': 403, 'error': Unauthorized, 'message': new row violates row-level security policy}")
Traceback (most recent call last):
  File "/Library/Frameworks/Python.framework/Versions/3.13/lib/python3.13/site-packages/celery/app/trace.py", line 479, in trace_task
    R = retval = fun(*args, **kwargs)
                 ~~~^^^^^^^^^^^^^^^^^
  File "/Library/Frameworks/Python.framework/Versions/3.13/lib/python3.13/site-packages/celery/app/trace.py", line 779, in __protected_call__
    return self.run(*args, **kwargs)
           ~~~~~~~~^^^^^^^^^^^^^^^^^
  File "/Volumes/WorkSpace/Project/MathSolver/backend/worker/tasks.py", line 22, in render_geometry_video
    supabase.storage.from_(bucket_name).upload(
    ~~~~~~~~~~~~~~~~~~~~~~~~~~~~~~~~~~~~~~~~~~^
        path=file_name,
        ^^^^^^^^^^^^^^^
        file=video_content,
        ^^^^^^^^^^^^^^^^^^^
        file_options={"content-type": "video/mp4"}
        ^^^^^^^^^^^^^^^^^^^^^^^^^^^^^^^^^^^^^^^^^^
    )
    ^
  File "/Library/Frameworks/Python.framework/Versions/3.13/lib/python3.13/site-packages/storage3/_sync/file_api.py", line 592, in upload
    return self._upload_or_update("POST", path_parts, file, file_options)
           ~~~~~~~~~~~~~~~~~~~~~~^^^^^^^^^^^^^^^^^^^^^^^^^^^^^^^^^^^^^^^^
  File "/Library/Frameworks/Python.framework/Versions/3.13/lib/python3.13/site-packages/storage3/_sync/file_api.py", line 564, in _upload_or_update
    response = self._request(
        method, ["object", self.id, *path], files=files, headers=headers, data=_data
    )
  File "/Library/Frameworks/Python.framework/Versions/3.13/lib/python3.13/site-packages/storage3/_sync/file_api.py", line 84, in _request
    raise StorageApiError(
        resp["message"], resp["error"], resp["statusCode"]
    ) from exc
storage3.utils.StorageException: {'statusCode': 403, 'error': Unauthorized, 'message': new row violates row-level security policy}
